0 info it worked if it ends with ok
1 verbose cli [ 'node', '/Users/rhys/.node/bin/npm', 'run', 'test' ]
2 info using npm@3.3.5
3 info using node@v0.12.4
4 verbose node symlink /usr/local/bin/node
5 verbose run-script [ 'pretest', 'test', 'posttest' ]
6 info lifecycle bookshelf@0.9.2~pretest: bookshelf@0.9.2
7 silly lifecycle bookshelf@0.9.2~pretest: no script for pretest, continuing
8 info lifecycle bookshelf@0.9.2~test: bookshelf@0.9.2
9 verbose lifecycle bookshelf@0.9.2~test: unsafe-perm in lifecycle true
10 verbose lifecycle bookshelf@0.9.2~test: PATH: /Users/rhys/.node/lib/node_modules/npm/bin/node-gyp-bin:/Users/rhys/Projects/bookshelf/node_modules/.bin:/Users/rhys/.gem/ruby/2.2.3/bin:/Users/rhys/.rubies/ruby-2.2.3/lib/ruby/gems/2.2.0/bin:/Users/rhys/.rubies/ruby-2.2.3/bin:/Users/rhys/.node/bin:/usr/local/bin:/usr/bin:/bin:/usr/sbin:/sbin:/opt/X11/bin:/usr/local/bin:/usr/bin:/bin:/usr/sbin:/sbin:/Library/Frameworks/Firebird.framework/Resources/bin
11 verbose lifecycle bookshelf@0.9.2~test: CWD: /Users/rhys/Projects/bookshelf
12 silly lifecycle bookshelf@0.9.2~test: Args: [ '-c',
12 silly lifecycle   'npm run lint && mocha --check-leaks -t 5000 -b test/index.js' ]
13 silly lifecycle bookshelf@0.9.2~test: Returned: code: 1  signal: null
14 info lifecycle bookshelf@0.9.2~test: Failed to exec test script
15 verbose stack Error: bookshelf@0.9.2 test: `npm run lint && mocha --check-leaks -t 5000 -b test/index.js`
15 verbose stack Exit status 1
15 verbose stack     at EventEmitter.<anonymous> (/Users/rhys/.node/lib/node_modules/npm/lib/utils/lifecycle.js:233:16)
15 verbose stack     at EventEmitter.emit (events.js:110:17)
15 verbose stack     at ChildProcess.<anonymous> (/Users/rhys/.node/lib/node_modules/npm/lib/utils/spawn.js:24:14)
15 verbose stack     at ChildProcess.emit (events.js:110:17)
15 verbose stack     at maybeClose (child_process.js:1015:16)
15 verbose stack     at Process.ChildProcess._handle.onexit (child_process.js:1087:5)
16 verbose pkgid bookshelf@0.9.2
17 verbose cwd /Users/rhys/Projects/bookshelf/src/plugins
18 error Darwin 14.3.0
19 error argv "node" "/Users/rhys/.node/bin/npm" "run" "test"
20 error node v0.12.4
21 error npm  v3.3.5
22 error code ELIFECYCLE
23 error bookshelf@0.9.2 test: `npm run lint && mocha --check-leaks -t 5000 -b test/index.js`
23 error Exit status 1
24 error Failed at the bookshelf@0.9.2 test script 'npm run lint && mocha --check-leaks -t 5000 -b test/index.js'.
24 error This is most likely a problem with the bookshelf package,
24 error not with npm itself.
24 error Tell the author that this fails on your system:
24 error     npm run lint && mocha --check-leaks -t 5000 -b test/index.js
24 error You can get their info via:
24 error     npm owner ls bookshelf
24 error There is likely additional logging output above.
25 verbose exit [ 1, true ]
